<?xml version="1.0" encoding="UTF-8"?>
<!-- Generated by org.testng.reporters.JUnitReportReporter -->
<testsuite hostname="DESKTOP-M4EJ7D6" failures="0" tests="3" name="com.mindtree.runner.TestRunner" time="38.674" errors="0" timestamp="2022-01-13T22:45:06 IST" skipped="0">
  <testcase classname="com.mindtree.runner.TestRunner" name="runScenario" time="15.558"/>
  <testcase classname="com.mindtree.runner.TestRunner" name="runScenario" time="11.629"/>
  <testcase classname="com.mindtree.runner.TestRunner" name="runScenario" time="11.487"/>
</testsuite> <!-- com.mindtree.runner.TestRunner -->
