<?xml version="1.0" encoding="UTF-8"?>
<!-- Generated by org.testng.reporters.JUnitReportReporter -->
<testsuite hostname="DESKTOP-M4EJ7D6" failures="0" tests="3" name="com.mindtree.runner.TestRunner" time="37.258" errors="0" timestamp="2022-01-13T22:41:34 IST" skipped="0">
  <testcase classname="com.mindtree.runner.TestRunner" name="runScenario" time="14.654"/>
  <testcase classname="com.mindtree.runner.TestRunner" name="runScenario" time="11.492"/>
  <testcase classname="com.mindtree.runner.TestRunner" name="runScenario" time="11.112"/>
</testsuite> <!-- com.mindtree.runner.TestRunner -->
